Reading pref.tcl

# 2025.1_1

# do compile_2.do
# ** Warning: (vlib-34) Library already exists at "work".
# Errors: 0, Warnings: 1
# QuestaSim-64 vmap 2025.1_1 Lib Mapping Utility 2025.02 Feb 13 2025
# vmap work work 
# Modifying modelsim.ini
# ./src/common_cells/include
# ./src/fpu_div_sqrt_mvp/hdl
# QuestaSim-64 vlog 2025.1_1 Compiler 2025.02 Feb 13 2025
# Start time: 13:34:02 on Sep 05,2025
# vlog -sv -work work "+incdir+./src/common_cells/include" ./src/common_cells/src/addr_decode.sv ./src/common_cells/src/addr_decode_dync.sv ./src/common_cells/src/addr_decode_napot.sv ./src/common_cells/src/binary_to_gray.sv ./src/common_cells/src/cb_filter.sv ./src/common_cells/src/cb_filter_pkg.sv ./src/common_cells/src/cc_onehot.sv ./src/common_cells/src/cdc_2phase.sv ./src/common_cells/src/cdc_2phase_clearable.sv ./src/common_cells/src/cdc_4phase.sv ./src/common_cells/src/cdc_fifo_2phase.sv ./src/common_cells/src/cdc_fifo_gray.sv ./src/common_cells/src/cdc_fifo_gray_clearable.sv ./src/common_cells/src/cdc_reset_ctrlr.sv ./src/common_cells/src/cdc_reset_ctrlr_pkg.sv ./src/common_cells/src/cf_math_pkg.sv ./src/common_cells/src/clk_int_div.sv ./src/common_cells/src/clk_int_div_static.sv ./src/common_cells/src/clk_mux_glitch_free.sv ./src/common_cells/src/counter.sv ./src/common_cells/src/credit_counter.sv ./src/common_cells/src/delta_counter.sv ./src/common_cells/src/ecc_decode.sv ./src/common_cells/src/ecc_encode.sv ./src/common_cells/src/ecc_pkg.sv ./src/common_cells/src/edge_detect.sv ./src/common_cells/src/edge_propagator.sv ./src/common_cells/src/edge_propagator_ack.sv ./src/common_cells/src/edge_propagator_rx.sv ./src/common_cells/src/edge_propagator_tx.sv ./src/common_cells/src/exp_backoff.sv ./src/common_cells/src/fall_through_register.sv ./src/common_cells/src/fifo_v3.sv ./src/common_cells/src/gray_to_binary.sv ./src/common_cells/src/id_queue.sv ./src/common_cells/src/isochronous_4phase_handshake.sv ./src/common_cells/src/isochronous_spill_register.sv ./src/common_cells/src/lfsr.sv ./src/common_cells/src/lfsr_16bit.sv ./src/common_cells/src/lfsr_8bit.sv ./src/common_cells/src/lossy_valid_to_stream.sv ./src/common_cells/src/lzc.sv ./src/common_cells/src/max_counter.sv ./src/common_cells/src/mem_to_banks.sv ./src/common_cells/src/mem_to_banks_detailed.sv ./src/common_cells/src/multiaddr_decode.sv ./src/common_cells/src/mv_filter.sv ./src/common_cells/src/onehot_to_bin.sv ./src/common_cells/src/passthrough_stream_fifo.sv ./src/common_cells/src/plru_tree.sv ./src/common_cells/src/popcount.sv ./src/common_cells/src/read.sv ./src/common_cells/src/rr_arb_tree.sv ./src/common_cells/src/rstgen.sv ./src/common_cells/src/rstgen_bypass.sv ./src/common_cells/src/serial_deglitch.sv ./src/common_cells/src/shift_reg.sv ./src/common_cells/src/shift_reg_gated.sv ./src/common_cells/src/spill_register.sv ./src/common_cells/src/spill_register_flushable.sv ./src/common_cells/src/stream_arbiter.sv ./src/common_cells/src/stream_arbiter_flushable.sv ./src/common_cells/src/stream_delay.sv ./src/common_cells/src/stream_demux.sv ./src/common_cells/src/stream_fifo.sv ./src/common_cells/src/stream_fifo_optimal_wrap.sv ./src/common_cells/src/stream_filter.sv ./src/common_cells/src/stream_fork.sv ./src/common_cells/src/stream_fork_dynamic.sv ./src/common_cells/src/stream_intf.sv ./src/common_cells/src/stream_join.sv ./src/common_cells/src/stream_join_dynamic.sv ./src/common_cells/src/stream_mux.sv ./src/common_cells/src/stream_omega_net.sv ./src/common_cells/src/stream_register.sv ./src/common_cells/src/stream_throttle.sv ./src/common_cells/src/stream_to_mem.sv ./src/common_cells/src/stream_xbar.sv ./src/common_cells/src/sub_per_hash.sv ./src/common_cells/src/sync.sv ./src/common_cells/src/sync_wedge.sv ./src/common_cells/src/unread.sv 
# -- Compiling module addr_decode
# -- Importing package cf_math_pkg
# -- Compiling module addr_decode_dync
# -- Compiling module addr_decode_napot
# -- Compiling module binary_to_gray
# -- Compiling module cb_filter
# -- Importing package cb_filter_pkg
# -- Compiling module hash_block
# -- Compiling package cb_filter_pkg
# -- Compiling module cc_onehot
# -- Compiling module cdc_2phase
# -- Compiling module cdc_2phase_src
# -- Compiling module cdc_2phase_dst
# -- Compiling module cdc_2phase_clearable
# -- Compiling module cdc_2phase_src_clearable
# -- Compiling module cdc_2phase_dst_clearable
# -- Compiling module cdc_4phase
# -- Compiling module cdc_4phase_src
# -- Compiling module cdc_4phase_dst
# -- Compiling module cdc_fifo_2phase
# -- Compiling module cdc_fifo_gray
# -- Compiling module cdc_fifo_gray_src
# -- Compiling module cdc_fifo_gray_dst
# -- Compiling module cdc_fifo_gray_clearable
# -- Compiling module cdc_fifo_gray_src_clearable
# -- Compiling module cdc_fifo_gray_dst_clearable
# -- Compiling module cdc_reset_ctrlr
# -- Importing package cdc_reset_ctrlr_pkg
# -- Compiling module cdc_reset_ctrlr_half
# -- Compiling package cdc_reset_ctrlr_pkg
# -- Compiling package cf_math_pkg
# -- Compiling module clk_int_div
# -- Compiling module clk_int_div_static
# -- Compiling module clk_mux_glitch_free
# -- Compiling module clk_or_tree
# -- Compiling module counter
# -- Compiling module credit_counter
# -- Compiling module delta_counter
# -- Compiling module ecc_decode
# -- Importing package ecc_pkg
# -- Compiling module ecc_encode
# -- Compiling package ecc_pkg
# -- Compiling module edge_detect
# -- Compiling module edge_propagator
# -- Compiling module edge_propagator_ack
# -- Compiling module edge_propagator_rx
# -- Compiling module edge_propagator_tx
# -- Compiling module exp_backoff
# -- Compiling module fall_through_register
# -- Compiling module fifo_v3
# -- Compiling module gray_to_binary
# -- Compiling module id_queue
# -- Compiling module isochronous_4phase_handshake
# -- Compiling module isochronous_spill_register
# -- Compiling module lfsr
# -- Compiling module lfsr_16bit
# -- Compiling module lfsr_8bit
# -- Compiling module lossy_valid_to_stream
# -- Compiling module lzc
# -- Compiling module max_counter
# -- Compiling module mem_to_banks
# -- Compiling module mem_to_banks_detailed
# -- Compiling module multiaddr_decode
# -- Compiling module mv_filter
# -- Compiling module onehot_to_bin
# -- Compiling module passthrough_stream_fifo
# -- Compiling module plru_tree
# -- Compiling module popcount
# -- Compiling module read
# -- Compiling module rr_arb_tree
# -- Compiling module rstgen
# -- Compiling module rstgen_bypass
# -- Compiling module serial_deglitch
# -- Compiling module shift_reg
# -- Compiling module shift_reg_gated
# -- Compiling module spill_register
# -- Compiling module spill_register_flushable
# -- Compiling module stream_arbiter
# -- Compiling module stream_arbiter_flushable
# -- Compiling module stream_delay
# -- Compiling module stream_demux
# -- Compiling module stream_fifo
# -- Compiling module stream_fifo_optimal_wrap
# -- Compiling module stream_filter
# -- Compiling module stream_fork
# -- Compiling module stream_fork_dynamic
# -- Compiling interface STREAM_DV
# ** Warning: (vlog-13361) ./src/common_cells/src/stream_intf.sv(46): No trigger event inferred in disable expression.
# ** Warning: (vlog-13361) ./src/common_cells/src/stream_intf.sv(47): No trigger event inferred in disable expression.
# -- Compiling module stream_join
# -- Compiling module stream_join_dynamic
# -- Compiling module stream_mux
# -- Compiling module stream_omega_net
# -- Compiling module stream_register
# -- Compiling module stream_throttle
# -- Compiling module stream_to_mem
# -- Compiling module stream_xbar
# -- Compiling module sub_per_hash
# -- Compiling module sync
# -- Compiling module sync_wedge
# -- Compiling module unread
# 
# Top level modules:
# 	addr_decode
# 	addr_decode_napot
# 	cb_filter
# 	cc_onehot
# 	cdc_2phase_clearable
# 	cdc_4phase
# 	cdc_fifo_2phase
# 	cdc_fifo_gray
# 	cdc_fifo_gray_clearable
# 	clk_int_div_static
# 	clk_mux_glitch_free
# 	credit_counter
# 	ecc_decode
# 	ecc_encode
# 	edge_detect
# 	edge_propagator
# 	edge_propagator_rx
# 	edge_propagator_tx
# 	exp_backoff
# 	fall_through_register
# 	id_queue
# 	isochronous_4phase_handshake
# 	isochronous_spill_register
# 	lfsr
# 	lfsr_8bit
# 	lossy_valid_to_stream
# 	max_counter
# 	mem_to_banks
# 	multiaddr_decode
# 	mv_filter
# 	passthrough_stream_fifo
# 	plru_tree
# 	popcount
# 	read
# 	serial_deglitch
# 	shift_reg
# 	stream_arbiter
# 	stream_delay
# 	stream_fifo_optimal_wrap
# 	stream_filter
# 	stream_fork_dynamic
# 	stream_join
# 	stream_mux
# 	stream_omega_net
# 	stream_register
# 	stream_throttle
# 	stream_to_mem
# 	unread
# End time: 13:34:02 on Sep 05,2025, Elapsed time: 0:00:00
# Errors: 0, Warnings: 2
# QuestaSim-64 vlog 2025.1_1 Compiler 2025.02 Feb 13 2025
# Start time: 13:34:02 on Sep 05,2025
# vlog -sv -work work "+incdir+./src/common_cells/include" "+incdir+./src/fpu_div_sqrt_mvp/hdl" ./src/fpnew_pkg.sv 
# -- Compiling package fpnew_pkg
# 
# Top level modules:
# 	--none--
# End time: 13:34:02 on Sep 05,2025, Elapsed time: 0:00:00
# Errors: 0, Warnings: 0
# QuestaSim-64 vlog 2025.1_1 Compiler 2025.02 Feb 13 2025
# Start time: 13:34:02 on Sep 05,2025
# vlog -sv -work work "+incdir+./src/common_cells/include" "+incdir+./src/fpu_div_sqrt_mvp/hdl" ./src/fpu_div_sqrt_mvp/hdl/control_mvp.sv ./src/fpu_div_sqrt_mvp/hdl/defs_div_sqrt_mvp.sv ./src/fpu_div_sqrt_mvp/hdl/div_sqrt_mvp_wrapper.sv ./src/fpu_div_sqrt_mvp/hdl/div_sqrt_top_mvp.sv ./src/fpu_div_sqrt_mvp/hdl/iteration_div_sqrt_mvp.sv ./src/fpu_div_sqrt_mvp/hdl/norm_div_sqrt_mvp.sv ./src/fpu_div_sqrt_mvp/hdl/nrbd_nrsc_mvp.sv ./src/fpu_div_sqrt_mvp/hdl/preprocess_mvp.sv 
# ** Warning: ./src/fpu_div_sqrt_mvp/hdl/control_mvp.sv(41): (vlog-13233) Design unit "control_mvp_sv_unit" already exists and will be overwritten. Design unit compiled with different set of options.
# -- Compiling package control_mvp_sv_unit
# -- Importing package defs_div_sqrt_mvp
# -- Compiling module control_mvp
# -- Compiling package defs_div_sqrt_mvp
# ** Warning: ./src/fpu_div_sqrt_mvp/hdl/div_sqrt_mvp_wrapper.sv(39): (vlog-13233) Design unit "div_sqrt_mvp_wrapper_sv_unit" already exists and will be overwritten. Design unit compiled with different set of options.
# -- Compiling package div_sqrt_mvp_wrapper_sv_unit
# -- Compiling module div_sqrt_mvp_wrapper
# ** Warning: ./src/fpu_div_sqrt_mvp/hdl/div_sqrt_top_mvp.sv(35): (vlog-13233) Design unit "div_sqrt_top_mvp_sv_unit" already exists and will be overwritten. Design unit compiled with different set of options.
# -- Compiling package div_sqrt_top_mvp_sv_unit
# -- Compiling module div_sqrt_top_mvp
# -- Compiling module iteration_div_sqrt_mvp
# ** Warning: ./src/fpu_div_sqrt_mvp/hdl/norm_div_sqrt_mvp.sv(44): (vlog-13233) Design unit "norm_div_sqrt_mvp_sv_unit" already exists and will be overwritten. Design unit compiled with different set of options.
# -- Compiling package norm_div_sqrt_mvp_sv_unit
# -- Compiling module norm_div_sqrt_mvp
# ** Warning: ./src/fpu_div_sqrt_mvp/hdl/nrbd_nrsc_mvp.sv(34): (vlog-13233) Design unit "nrbd_nrsc_mvp_sv_unit" already exists and will be overwritten. Design unit compiled with different set of options.
# -- Compiling package nrbd_nrsc_mvp_sv_unit
# -- Compiling module nrbd_nrsc_mvp
# ** Warning: ./src/fpu_div_sqrt_mvp/hdl/preprocess_mvp.sv(35): (vlog-13233) Design unit "preprocess_mvp_sv_unit" already exists and will be overwritten. Design unit compiled with different set of options.
# -- Compiling package preprocess_mvp_sv_unit
# -- Compiling module preprocess_mvp
# 
# Top level modules:
# 	div_sqrt_mvp_wrapper
# End time: 13:34:02 on Sep 05,2025, Elapsed time: 0:00:00
# Errors: 0, Warnings: 6
# QuestaSim-64 vlog 2025.1_1 Compiler 2025.02 Feb 13 2025
# Start time: 13:34:02 on Sep 05,2025
# vlog -sv -work work "+incdir+./src/common_cells/include" "+incdir+./src/fpu_div_sqrt_mvp/hdl" ./src/fpnew_cast_multi.sv ./src/fpnew_classifier.sv ./src/fpnew_divsqrt_multi.sv ./src/fpnew_divsqrt_th_32.sv ./src/fpnew_divsqrt_th_64_multi.sv ./src/fpnew_fma.sv ./src/fpnew_fma_multi.sv ./src/fpnew_noncomp.sv ./src/fpnew_opgroup_block.sv ./src/fpnew_opgroup_fmt_slice.sv ./src/fpnew_opgroup_multifmt_slice.sv ./src/fpnew_rounding.sv ./src/fpnew_top.sv 
# -- Compiling module fpnew_cast_multi
# -- Importing package fpnew_pkg
# -- Compiling module fpnew_classifier
# ** Warning: ./src/fpnew_classifier.sv(22): (vlog-13314) Defaulting port 'operands_i' kind to 'var' rather than 'wire' due to default compile option setting of -svinputport=relaxed.
# -- Compiling module fpnew_divsqrt_multi
# ** Warning: ./src/fpnew_divsqrt_multi.sv(33): (vlog-13314) Defaulting port 'operands_i' kind to 'var' rather than 'wire' due to default compile option setting of -svinputport=relaxed.
# ** Warning: ./src/fpnew_divsqrt_multi.sv(34): (vlog-13314) Defaulting port 'is_boxed_i' kind to 'var' rather than 'wire' due to default compile option setting of -svinputport=relaxed.
# -- Compiling module fpnew_divsqrt_th_32
# ** Warning: ./src/fpnew_divsqrt_th_32.sv(36): (vlog-13314) Defaulting port 'operands_i' kind to 'var' rather than 'wire' due to default compile option setting of -svinputport=relaxed.
# ** Warning: ./src/fpnew_divsqrt_th_32.sv(37): (vlog-13314) Defaulting port 'is_boxed_i' kind to 'var' rather than 'wire' due to default compile option setting of -svinputport=relaxed.
# -- Compiling module fpnew_divsqrt_th_64_multi
# ** Warning: ./src/fpnew_divsqrt_th_64_multi.sv(35): (vlog-13314) Defaulting port 'operands_i' kind to 'var' rather than 'wire' due to default compile option setting of -svinputport=relaxed.
# ** Warning: ./src/fpnew_divsqrt_th_64_multi.sv(36): (vlog-13314) Defaulting port 'is_boxed_i' kind to 'var' rather than 'wire' due to default compile option setting of -svinputport=relaxed.
# -- Compiling module fpnew_fma
# ** Warning: ./src/fpnew_fma.sv(31): (vlog-13314) Defaulting port 'operands_i' kind to 'var' rather than 'wire' due to default compile option setting of -svinputport=relaxed.
# -- Compiling module fpnew_fma_multi
# ** Warning: ./src/fpnew_fma_multi.sv(32): (vlog-13314) Defaulting port 'operands_i' kind to 'var' rather than 'wire' due to default compile option setting of -svinputport=relaxed.
# ** Warning: ./src/fpnew_fma_multi.sv(33): (vlog-13314) Defaulting port 'is_boxed_i' kind to 'var' rather than 'wire' due to default compile option setting of -svinputport=relaxed.
# -- Compiling module fpnew_noncomp
# ** Warning: ./src/fpnew_noncomp.sv(31): (vlog-13314) Defaulting port 'operands_i' kind to 'var' rather than 'wire' due to default compile option setting of -svinputport=relaxed.
# -- Compiling module fpnew_opgroup_block
# ** Warning: ./src/fpnew_opgroup_block.sv(38): (vlog-13314) Defaulting port 'operands_i' kind to 'var' rather than 'wire' due to default compile option setting of -svinputport=relaxed.
# ** Warning: ./src/fpnew_opgroup_block.sv(39): (vlog-13314) Defaulting port 'is_boxed_i' kind to 'var' rather than 'wire' due to default compile option setting of -svinputport=relaxed.
# -- Compiling module fpnew_opgroup_fmt_slice
# ** Warning: ./src/fpnew_opgroup_fmt_slice.sv(36): (vlog-13314) Defaulting port 'operands_i' kind to 'var' rather than 'wire' due to default compile option setting of -svinputport=relaxed.
# -- Compiling module fpnew_opgroup_multifmt_slice
# ** Warning: ./src/fpnew_opgroup_multifmt_slice.sv(40): (vlog-13314) Defaulting port 'operands_i' kind to 'var' rather than 'wire' due to default compile option setting of -svinputport=relaxed.
# ** Warning: ./src/fpnew_opgroup_multifmt_slice.sv(41): (vlog-13314) Defaulting port 'is_boxed_i' kind to 'var' rather than 'wire' due to default compile option setting of -svinputport=relaxed.
# -- Compiling module fpnew_rounding
# -- Compiling module fpnew_top
# ** Warning: ./src/fpnew_top.sv(34): (vlog-13314) Defaulting port 'operands_i' kind to 'var' rather than 'wire' due to default compile option setting of -svinputport=relaxed.
# 
# Top level modules:
# 	fpnew_top
# End time: 13:34:02 on Sep 05,2025, Elapsed time: 0:00:00
# Errors: 0, Warnings: 17
QuestaSim> 