Reading pref.tcl

# 2025.1_1

# do compile_4.do
# ** Warning: (vlib-34) Library already exists at "work".
# Errors: 0, Warnings: 1
# QuestaSim-64 vmap 2025.1_1 Lib Mapping Utility 2025.02 Feb 13 2025
# vmap work work 
# Modifying modelsim.ini
# ./src/common_cells/include
# ./src/fpu_div_sqrt_mvp/hdl
# ./vendor/opene906/E906_RTL_FACTORY/gen_rtl/fdsu/rtl
# QuestaSim-64 vlog 2025.1_1 Compiler 2025.02 Feb 13 2025
# Start time: 10:01:43 on Sep 10,2025
# vlog -sv -work work "+incdir+./src/common_cells/include" ./src/common_cells/src/cf_math_pkg.sv ./src/common_cells/src/cb_filter_pkg.sv ./src/common_cells/src/cdc_reset_ctrlr_pkg.sv ./src/common_cells/src/ecc_pkg.sv 
# -- Compiling package cf_math_pkg
# -- Compiling package cb_filter_pkg
# ** Error: (vlog-7) Failed to open design unit file "./src/common_cells/src/cdc_reset_ctrlr_pkg.sv" in read mode.
# No such file or directory. (errno = ENOENT)
# -- Compiling package ecc_pkg
# End time: 10:01:43 on Sep 10,2025, Elapsed time: 0:00:00
# Errors: 1, Warnings: 0
# ** Error: /usr/opt/questasim/linux_x86_64/vlog failed.
# Error in macro ./compile_4.do line 15
# /usr/opt/questasim/linux_x86_64/vlog failed.
#     while executing
# "vlog -sv -work work +incdir+$COMMON_CELLS_INC \
#   ./src/common_cells/src/cf_math_pkg.sv \
#   ./src/common_cells/src/cb_filter_pkg.sv \
#   ./src/common_c..."
QuestaSim> 